c:\users\squee\documents\github\game3015\juggernaut engine\temp\release-x64\vc141.pdb
c:\users\squee\documents\github\game3015\juggernaut engine\temp\release-x64\transform.obj
c:\users\squee\documents\github\game3015\juggernaut engine\temp\release-x64\main.obj
c:\users\squee\documents\github\game3015\juggernaut engine\temp\release-x64\juggernaut.obj
c:\users\squee\documents\github\game3015\juggernaut engine\temp\release-x64\gameobjectmanager.obj
c:\users\squee\documents\github\game3015\juggernaut engine\temp\release-x64\gameobject.obj
c:\users\squee\documents\github\game3015\juggernaut engine\temp\release-x64\basecomponent.obj
c:\users\squee\documents\github\game3015\juggernaut engine\game\release-x64\subterfuge.exe
c:\users\squee\documents\github\game3015\juggernaut engine\game\release-x64\subterfuge.pdb
c:\users\squee\documents\github\game3015\juggernaut engine\game\release-x64\subterfuge.ipdb
c:\users\squee\documents\github\game3015\juggernaut engine\game\release-x64\subterfuge.iobj
c:\users\squee\documents\github\game3015\juggernaut engine\source\subterfuge\\..\..\game\release-x64\subterfuge.pdb
c:\users\squee\documents\github\game3015\juggernaut engine\source\subterfuge\\..\..\game\release-x64\subterfuge.exe
c:\users\squee\documents\github\game3015\juggernaut engine\temp\release-x64\subterfuge.tlog\cl.command.1.tlog
c:\users\squee\documents\github\game3015\juggernaut engine\temp\release-x64\subterfuge.tlog\cl.read.1.tlog
c:\users\squee\documents\github\game3015\juggernaut engine\temp\release-x64\subterfuge.tlog\cl.write.1.tlog
c:\users\squee\documents\github\game3015\juggernaut engine\temp\release-x64\subterfuge.tlog\link.command.1.tlog
c:\users\squee\documents\github\game3015\juggernaut engine\temp\release-x64\subterfuge.tlog\link.read.1.tlog
c:\users\squee\documents\github\game3015\juggernaut engine\temp\release-x64\subterfuge.tlog\link.write.1.tlog
c:\users\squee\documents\github\game3015\juggernaut engine\temp\release-x64\subterfuge.tlog\subterfuge.write.1u.tlog
